<?xml version="1.0" encoding="UTF-8"?>
<testsuite name="memory.MemoryFinderTest" tests="1" skipped="0" failures="0" errors="0" timestamp="2023-09-01T05:50:48" hostname="Kyeongchanui-MacBookPro.local" time="0.049">
  <properties/>
  <testcase name="get()" classname="memory.MemoryFinderTest" time="0.049"/>
  <system-out><![CDATA[memory = Memory{used=14310400, max=536870912}
]]></system-out>
  <system-err><![CDATA[]]></system-err>
</testsuite>
